/!\ FAILSAFE /!\  Sat Mar 30 11:29:54 +0530 2019
  Status: 500 Internal Server Error
  Unknown database 'url_shortener_development'
    /usr/local/rvm/gems/ruby-1.8.7-head/gems/activerecord-2.3.5/lib/active_record/connection_adapters/mysql_adapter.rb:589:in `real_connect'
    /usr/local/rvm/gems/ruby-1.8.7-head/gems/activerecord-2.3.5/lib/active_record/connection_adapters/mysql_adapter.rb:589:in `connect'
    /usr/local/rvm/gems/ruby-1.8.7-head/gems/activerecord-2.3.5/lib/active_record/connection_adapters/mysql_adapter.rb:203:in `initialize'
    /usr/local/rvm/gems/ruby-1.8.7-head/gems/activerecord-2.3.5/lib/active_record/connection_adapters/mysql_adapter.rb:75:in `new'
    /usr/local/rvm/gems/ruby-1.8.7-head/gems/activerecord-2.3.5/lib/active_record/connection_adapters/mysql_adapter.rb:75:in `mysql_connection'
    /usr/local/rvm/gems/ruby-1.8.7-head/gems/activerecord-2.3.5/lib/active_record/connection_adapters/abstract/connection_pool.rb:223:in `send'
    /usr/local/rvm/gems/ruby-1.8.7-head/gems/activerecord-2.3.5/lib/active_record/connection_adapters/abstract/connection_pool.rb:223:in `new_connection'
    /usr/local/rvm/gems/ruby-1.8.7-head/gems/activerecord-2.3.5/lib/active_record/connection_adapters/abstract/connection_pool.rb:245:in `checkout_new_connection'
    /usr/local/rvm/gems/ruby-1.8.7-head/gems/activerecord-2.3.5/lib/active_record/connection_adapters/abstract/connection_pool.rb:188:in `checkout'
    /usr/local/rvm/gems/ruby-1.8.7-head/gems/activerecord-2.3.5/lib/active_record/connection_adapters/abstract/connection_pool.rb:184:in `loop'
    /usr/local/rvm/gems/ruby-1.8.7-head/gems/activerecord-2.3.5/lib/active_record/connection_adapters/abstract/connection_pool.rb:184:in `checkout'
    /usr/local/rvm/rubies/ruby-1.8.7-head/lib/ruby/1.8/monitor.rb:242:in `synchronize'
    /usr/local/rvm/gems/ruby-1.8.7-head/gems/activerecord-2.3.5/lib/active_record/connection_adapters/abstract/connection_pool.rb:183:in `checkout'
    /usr/local/rvm/gems/ruby-1.8.7-head/gems/activerecord-2.3.5/lib/active_record/connection_adapters/abstract/connection_pool.rb:98:in `connection'
    /usr/local/rvm/gems/ruby-1.8.7-head/gems/activerecord-2.3.5/lib/active_record/connection_adapters/abstract/connection_pool.rb:326:in `retrieve_connection'
    /usr/local/rvm/gems/ruby-1.8.7-head/gems/activerecord-2.3.5/lib/active_record/connection_adapters/abstract/connection_specification.rb:123:in `retrieve_connection'
    /usr/local/rvm/gems/ruby-1.8.7-head/gems/activerecord-2.3.5/lib/active_record/connection_adapters/abstract/connection_specification.rb:115:in `connection'
    /usr/local/rvm/gems/ruby-1.8.7-head/gems/activerecord-2.3.5/lib/active_record/query_cache.rb:9:in `cache'
    /usr/local/rvm/gems/ruby-1.8.7-head/gems/activerecord-2.3.5/lib/active_record/query_cache.rb:28:in `call'
    /usr/local/rvm/gems/ruby-1.8.7-head/gems/activerecord-2.3.5/lib/active_record/connection_adapters/abstract/connection_pool.rb:361:in `call'
    /usr/local/rvm/gems/ruby-1.8.7-head/gems/actionpack-2.3.5/lib/action_controller/string_coercion.rb:25:in `call'
    /usr/local/rvm/gems/ruby-1.8.7-head/gems/rack-1.0.1/lib/rack/head.rb:9:in `call'
    /usr/local/rvm/gems/ruby-1.8.7-head/gems/rack-1.0.1/lib/rack/methodoverride.rb:24:in `call'
    /usr/local/rvm/gems/ruby-1.8.7-head/gems/actionpack-2.3.5/lib/action_controller/params_parser.rb:15:in `call'
    /usr/local/rvm/gems/ruby-1.8.7-head/gems/actionpack-2.3.5/lib/action_controller/session/cookie_store.rb:93:in `call'
    /usr/local/rvm/gems/ruby-1.8.7-head/gems/actionpack-2.3.5/lib/action_controller/failsafe.rb:26:in `call'
    /usr/local/rvm/gems/ruby-1.8.7-head/gems/rack-1.0.1/lib/rack/lock.rb:11:in `call'
    /usr/local/rvm/gems/ruby-1.8.7-head/gems/rack-1.0.1/lib/rack/lock.rb:11:in `synchronize'
    /usr/local/rvm/gems/ruby-1.8.7-head/gems/rack-1.0.1/lib/rack/lock.rb:11:in `call'
    /usr/local/rvm/gems/ruby-1.8.7-head/gems/actionpack-2.3.5/lib/action_controller/dispatcher.rb:114:in `call'
    /usr/local/rvm/gems/ruby-1.8.7-head/gems/actionpack-2.3.5/lib/action_controller/reloader.rb:34:in `run'
    /usr/local/rvm/gems/ruby-1.8.7-head/gems/actionpack-2.3.5/lib/action_controller/dispatcher.rb:108:in `call'
    /usr/local/rvm/gems/ruby-1.8.7-head/gems/rails-2.3.5/lib/rails/rack/static.rb:31:in `call'
    /usr/local/rvm/gems/ruby-1.8.7-head/gems/rack-1.0.1/lib/rack/urlmap.rb:46:in `call'
    /usr/local/rvm/gems/ruby-1.8.7-head/gems/rack-1.0.1/lib/rack/urlmap.rb:40:in `each'
    /usr/local/rvm/gems/ruby-1.8.7-head/gems/rack-1.0.1/lib/rack/urlmap.rb:40:in `call'
    /usr/local/rvm/gems/ruby-1.8.7-head/gems/rails-2.3.5/lib/rails/rack/log_tailer.rb:17:in `call'
    /usr/local/rvm/gems/ruby-1.8.7-head/gems/rack-1.0.1/lib/rack/content_length.rb:13:in `call'
    /usr/local/rvm/gems/ruby-1.8.7-head/gems/rack-1.0.1/lib/rack/handler/webrick.rb:50:in `service'
    /usr/local/rvm/rubies/ruby-1.8.7-head/lib/ruby/1.8/webrick/httpserver.rb:104:in `service'
    /usr/local/rvm/rubies/ruby-1.8.7-head/lib/ruby/1.8/webrick/httpserver.rb:65:in `run'
    /usr/local/rvm/rubies/ruby-1.8.7-head/lib/ruby/1.8/webrick/server.rb:173:in `start_thread'
    /usr/local/rvm/rubies/ruby-1.8.7-head/lib/ruby/1.8/webrick/server.rb:162:in `start'
    /usr/local/rvm/rubies/ruby-1.8.7-head/lib/ruby/1.8/webrick/server.rb:162:in `start_thread'
    /usr/local/rvm/rubies/ruby-1.8.7-head/lib/ruby/1.8/webrick/server.rb:95:in `start'
    /usr/local/rvm/rubies/ruby-1.8.7-head/lib/ruby/1.8/webrick/server.rb:92:in `each'
    /usr/local/rvm/rubies/ruby-1.8.7-head/lib/ruby/1.8/webrick/server.rb:92:in `start'
    /usr/local/rvm/rubies/ruby-1.8.7-head/lib/ruby/1.8/webrick/server.rb:23:in `start'
    /usr/local/rvm/rubies/ruby-1.8.7-head/lib/ruby/1.8/webrick/server.rb:82:in `start'
    /usr/local/rvm/gems/ruby-1.8.7-head/gems/rack-1.0.1/lib/rack/handler/webrick.rb:14:in `run'
    /usr/local/rvm/gems/ruby-1.8.7-head/gems/rails-2.3.5/lib/commands/server.rb:111
    /usr/local/rvm/rubies/ruby-1.8.7-head/lib/ruby/site_ruby/1.8/rubygems/custom_require.rb:31:in `gem_original_require'
    /usr/local/rvm/rubies/ruby-1.8.7-head/lib/ruby/site_ruby/1.8/rubygems/custom_require.rb:31:in `require'
    script/server:3
/!\ FAILSAFE /!\  Sat Mar 30 11:29:54 +0530 2019
  Status: 500 Internal Server Error
  Unknown database 'url_shortener_development'
    /usr/local/rvm/gems/ruby-1.8.7-head/gems/activerecord-2.3.5/lib/active_record/connection_adapters/mysql_adapter.rb:589:in `real_connect'
    /usr/local/rvm/gems/ruby-1.8.7-head/gems/activerecord-2.3.5/lib/active_record/connection_adapters/mysql_adapter.rb:589:in `connect'
    /usr/local/rvm/gems/ruby-1.8.7-head/gems/activerecord-2.3.5/lib/active_record/connection_adapters/mysql_adapter.rb:203:in `initialize'
    /usr/local/rvm/gems/ruby-1.8.7-head/gems/activerecord-2.3.5/lib/active_record/connection_adapters/mysql_adapter.rb:75:in `new'
    /usr/local/rvm/gems/ruby-1.8.7-head/gems/activerecord-2.3.5/lib/active_record/connection_adapters/mysql_adapter.rb:75:in `mysql_connection'
    /usr/local/rvm/gems/ruby-1.8.7-head/gems/activerecord-2.3.5/lib/active_record/connection_adapters/abstract/connection_pool.rb:223:in `send'
    /usr/local/rvm/gems/ruby-1.8.7-head/gems/activerecord-2.3.5/lib/active_record/connection_adapters/abstract/connection_pool.rb:223:in `new_connection'
    /usr/local/rvm/gems/ruby-1.8.7-head/gems/activerecord-2.3.5/lib/active_record/connection_adapters/abstract/connection_pool.rb:245:in `checkout_new_connection'
    /usr/local/rvm/gems/ruby-1.8.7-head/gems/activerecord-2.3.5/lib/active_record/connection_adapters/abstract/connection_pool.rb:188:in `checkout'
    /usr/local/rvm/gems/ruby-1.8.7-head/gems/activerecord-2.3.5/lib/active_record/connection_adapters/abstract/connection_pool.rb:184:in `loop'
    /usr/local/rvm/gems/ruby-1.8.7-head/gems/activerecord-2.3.5/lib/active_record/connection_adapters/abstract/connection_pool.rb:184:in `checkout'
    /usr/local/rvm/rubies/ruby-1.8.7-head/lib/ruby/1.8/monitor.rb:242:in `synchronize'
    /usr/local/rvm/gems/ruby-1.8.7-head/gems/activerecord-2.3.5/lib/active_record/connection_adapters/abstract/connection_pool.rb:183:in `checkout'
    /usr/local/rvm/gems/ruby-1.8.7-head/gems/activerecord-2.3.5/lib/active_record/connection_adapters/abstract/connection_pool.rb:98:in `connection'
    /usr/local/rvm/gems/ruby-1.8.7-head/gems/activerecord-2.3.5/lib/active_record/connection_adapters/abstract/connection_pool.rb:326:in `retrieve_connection'
    /usr/local/rvm/gems/ruby-1.8.7-head/gems/activerecord-2.3.5/lib/active_record/connection_adapters/abstract/connection_specification.rb:123:in `retrieve_connection'
    /usr/local/rvm/gems/ruby-1.8.7-head/gems/activerecord-2.3.5/lib/active_record/connection_adapters/abstract/connection_specification.rb:115:in `connection'
    /usr/local/rvm/gems/ruby-1.8.7-head/gems/activerecord-2.3.5/lib/active_record/query_cache.rb:9:in `cache'
    /usr/local/rvm/gems/ruby-1.8.7-head/gems/activerecord-2.3.5/lib/active_record/query_cache.rb:28:in `call'
    /usr/local/rvm/gems/ruby-1.8.7-head/gems/activerecord-2.3.5/lib/active_record/connection_adapters/abstract/connection_pool.rb:361:in `call'
    /usr/local/rvm/gems/ruby-1.8.7-head/gems/actionpack-2.3.5/lib/action_controller/string_coercion.rb:25:in `call'
    /usr/local/rvm/gems/ruby-1.8.7-head/gems/rack-1.0.1/lib/rack/head.rb:9:in `call'
    /usr/local/rvm/gems/ruby-1.8.7-head/gems/rack-1.0.1/lib/rack/methodoverride.rb:24:in `call'
    /usr/local/rvm/gems/ruby-1.8.7-head/gems/actionpack-2.3.5/lib/action_controller/params_parser.rb:15:in `call'
    /usr/local/rvm/gems/ruby-1.8.7-head/gems/actionpack-2.3.5/lib/action_controller/session/cookie_store.rb:93:in `call'
    /usr/local/rvm/gems/ruby-1.8.7-head/gems/actionpack-2.3.5/lib/action_controller/failsafe.rb:26:in `call'
    /usr/local/rvm/gems/ruby-1.8.7-head/gems/rack-1.0.1/lib/rack/lock.rb:11:in `call'
    /usr/local/rvm/gems/ruby-1.8.7-head/gems/rack-1.0.1/lib/rack/lock.rb:11:in `synchronize'
    /usr/local/rvm/gems/ruby-1.8.7-head/gems/rack-1.0.1/lib/rack/lock.rb:11:in `call'
    /usr/local/rvm/gems/ruby-1.8.7-head/gems/actionpack-2.3.5/lib/action_controller/dispatcher.rb:114:in `call'
    /usr/local/rvm/gems/ruby-1.8.7-head/gems/actionpack-2.3.5/lib/action_controller/reloader.rb:34:in `run'
    /usr/local/rvm/gems/ruby-1.8.7-head/gems/actionpack-2.3.5/lib/action_controller/dispatcher.rb:108:in `call'
    /usr/local/rvm/gems/ruby-1.8.7-head/gems/rails-2.3.5/lib/rails/rack/static.rb:31:in `call'
    /usr/local/rvm/gems/ruby-1.8.7-head/gems/rack-1.0.1/lib/rack/urlmap.rb:46:in `call'
    /usr/local/rvm/gems/ruby-1.8.7-head/gems/rack-1.0.1/lib/rack/urlmap.rb:40:in `each'
    /usr/local/rvm/gems/ruby-1.8.7-head/gems/rack-1.0.1/lib/rack/urlmap.rb:40:in `call'
    /usr/local/rvm/gems/ruby-1.8.7-head/gems/rails-2.3.5/lib/rails/rack/log_tailer.rb:17:in `call'
    /usr/local/rvm/gems/ruby-1.8.7-head/gems/rack-1.0.1/lib/rack/content_length.rb:13:in `call'
    /usr/local/rvm/gems/ruby-1.8.7-head/gems/rack-1.0.1/lib/rack/handler/webrick.rb:50:in `service'
    /usr/local/rvm/rubies/ruby-1.8.7-head/lib/ruby/1.8/webrick/httpserver.rb:104:in `service'
    /usr/local/rvm/rubies/ruby-1.8.7-head/lib/ruby/1.8/webrick/httpserver.rb:65:in `run'
    /usr/local/rvm/rubies/ruby-1.8.7-head/lib/ruby/1.8/webrick/server.rb:173:in `start_thread'
    /usr/local/rvm/rubies/ruby-1.8.7-head/lib/ruby/1.8/webrick/server.rb:162:in `start'
    /usr/local/rvm/rubies/ruby-1.8.7-head/lib/ruby/1.8/webrick/server.rb:162:in `start_thread'
    /usr/local/rvm/rubies/ruby-1.8.7-head/lib/ruby/1.8/webrick/server.rb:95:in `start'
    /usr/local/rvm/rubies/ruby-1.8.7-head/lib/ruby/1.8/webrick/server.rb:92:in `each'
    /usr/local/rvm/rubies/ruby-1.8.7-head/lib/ruby/1.8/webrick/server.rb:92:in `start'
    /usr/local/rvm/rubies/ruby-1.8.7-head/lib/ruby/1.8/webrick/server.rb:23:in `start'
    /usr/local/rvm/rubies/ruby-1.8.7-head/lib/ruby/1.8/webrick/server.rb:82:in `start'
    /usr/local/rvm/gems/ruby-1.8.7-head/gems/rack-1.0.1/lib/rack/handler/webrick.rb:14:in `run'
    /usr/local/rvm/gems/ruby-1.8.7-head/gems/rails-2.3.5/lib/commands/server.rb:111
    /usr/local/rvm/rubies/ruby-1.8.7-head/lib/ruby/site_ruby/1.8/rubygems/custom_require.rb:31:in `gem_original_require'
    /usr/local/rvm/rubies/ruby-1.8.7-head/lib/ruby/site_ruby/1.8/rubygems/custom_require.rb:31:in `require'
    script/server:3
  [4;36;1mSQL (0.1ms)[0m   [0;1mSET NAMES 'utf8'[0m
  [4;35;1mSQL (0.0ms)[0m   [0mSET SQL_AUTO_IS_NULL=0[0m


Processing Rails::InfoController#properties (for 127.0.0.1 at 2019-03-30 11:30:17) [GET]
  [4;36;1mSQL (81.3ms)[0m   [0;1mSHOW TABLES[0m
Completed in 167ms (View: 12, DB: 81) | 200 OK [http://localhost/rails/info/properties]
  [4;36;1mSQL (0.1ms)[0m   [0;1mSET NAMES 'utf8'[0m
  [4;35;1mSQL (0.0ms)[0m   [0mSET SQL_AUTO_IS_NULL=0[0m
  [4;36;1mSQL (0.2ms)[0m   [0;1mSHOW TABLES[0m
  [4;35;1mSQL (505.4ms)[0m   [0mCREATE TABLE `schema_migrations` (`version` varchar(255) NOT NULL) ENGINE=InnoDB[0m
  [4;36;1mSQL (585.7ms)[0m   [0;1mCREATE UNIQUE INDEX `unique_schema_migrations` ON `schema_migrations` (`version`)[0m
  [4;35;1mSQL (0.7ms)[0m   [0mSHOW TABLES[0m
  [4;36;1mSQL (54.1ms)[0m   [0;1mSELECT version FROM schema_migrations[0m
Migrating to CreateShortenedUrls (20190330060036)
  [4;35;1mSQL (746.8ms)[0m   [0mCREATE TABLE `shortened_urls` (`id` int(11) DEFAULT NULL auto_increment PRIMARY KEY, `orig_url` text, `short_url` varchar(255), `created_at` datetime, `updated_at` datetime) ENGINE=InnoDB[0m
  [4;36;1mSQL (66.7ms)[0m   [0;1mINSERT INTO schema_migrations (version) VALUES ('20190330060036')[0m
  [4;35;1mSQL (0.2ms)[0m   [0mSHOW TABLES[0m
  [4;36;1mSQL (0.1ms)[0m   [0;1mSELECT version FROM schema_migrations[0m
  [4;35;1mSQL (0.1ms)[0m   [0mSHOW TABLES[0m
  [4;36;1mSQL (19.2ms)[0m   [0;1mSHOW FIELDS FROM `shortened_urls`[0m
  [4;35;1mSQL (0.5ms)[0m   [0mdescribe `shortened_urls`[0m
  [4;36;1mSQL (0.5ms)[0m   [0;1mSHOW KEYS FROM `shortened_urls`[0m
  [4;36;1mSQL (0.1ms)[0m   [0;1mSET NAMES 'utf8'[0m
  [4;35;1mSQL (0.1ms)[0m   [0mSET SQL_AUTO_IS_NULL=0[0m


Processing ShortUrlsController#index (for 127.0.0.1 at 2019-03-30 11:39:48) [GET]
Rendering short_urls/index
Completed in 94ms (View: 93, DB: 0) | 200 OK [http://localhost/short_urls]
  [4;36;1mSQL (0.1ms)[0m   [0;1mSET NAMES 'utf8'[0m
  [4;35;1mSQL (0.1ms)[0m   [0mSET SQL_AUTO_IS_NULL=0[0m


Processing ShortUrlsController#index (for 127.0.0.1 at 2019-03-30 11:56:06) [GET]
  [4;36;1mShortenedUrl Columns (0.6ms)[0m   [0;1mSHOW FIELDS FROM `shortened_urls`[0m
Rendering short_urls/index
Completed in 9ms (View: 4, DB: 1) | 200 OK [http://localhost/short_urls]
  [4;35;1mSQL (0.1ms)[0m   [0mSET NAMES 'utf8'[0m
  [4;36;1mSQL (0.8ms)[0m   [0;1mSET SQL_AUTO_IS_NULL=0[0m


Processing ShortUrlsController#index (for 127.0.0.1 at 2019-03-30 11:56:09) [GET]
  [4;35;1mShortenedUrl Columns (0.5ms)[0m   [0mSHOW FIELDS FROM `shortened_urls`[0m
Rendering short_urls/index
Completed in 5ms (View: 0, DB: 1) | 200 OK [http://localhost/short_urls]
  [4;36;1mSQL (0.1ms)[0m   [0;1mSET NAMES 'utf8'[0m
  [4;35;1mSQL (0.1ms)[0m   [0mSET SQL_AUTO_IS_NULL=0[0m


Processing ShortUrlsController#index (for 127.0.0.1 at 2019-03-30 11:58:08) [GET]
  [4;36;1mShortenedUrl Columns (0.7ms)[0m   [0;1mSHOW FIELDS FROM `shortened_urls`[0m
Rendering short_urls/index

ActionView::TemplateError (Called id for nil, which would mistakenly be 4 -- if you really wanted the id of nil, use object_id) on line #2 of app/views/short_urls/index.html.erb:
1: <h1>ShortUrls#index</h1>
2: <% form_for @url, :html => { :multipart => true } do |f| %>
3:   <%= f.error_messages%>
4:   <div class="form-group">
5:       <%= f.label :orig_url %> Enter URL :<br/>

    app/views/short_urls/index.html.erb:2
    /usr/local/rvm/rubies/ruby-1.8.7-head/lib/ruby/1.8/webrick/httpserver.rb:104:in `service'
    /usr/local/rvm/rubies/ruby-1.8.7-head/lib/ruby/1.8/webrick/httpserver.rb:65:in `run'
    /usr/local/rvm/rubies/ruby-1.8.7-head/lib/ruby/1.8/webrick/server.rb:173:in `start_thread'
    /usr/local/rvm/rubies/ruby-1.8.7-head/lib/ruby/1.8/webrick/server.rb:162:in `start'
    /usr/local/rvm/rubies/ruby-1.8.7-head/lib/ruby/1.8/webrick/server.rb:162:in `start_thread'
    /usr/local/rvm/rubies/ruby-1.8.7-head/lib/ruby/1.8/webrick/server.rb:95:in `start'
    /usr/local/rvm/rubies/ruby-1.8.7-head/lib/ruby/1.8/webrick/server.rb:92:in `each'
    /usr/local/rvm/rubies/ruby-1.8.7-head/lib/ruby/1.8/webrick/server.rb:92:in `start'
    /usr/local/rvm/rubies/ruby-1.8.7-head/lib/ruby/1.8/webrick/server.rb:23:in `start'
    /usr/local/rvm/rubies/ruby-1.8.7-head/lib/ruby/1.8/webrick/server.rb:82:in `start'

Rendered rescues/_trace (52.0ms)
Rendered rescues/_request_and_response (0.7ms)
Rendering rescues/layout (internal_server_error)
  [4;36;1mSQL (0.1ms)[0m   [0;1mSET NAMES 'utf8'[0m
  [4;35;1mSQL (0.1ms)[0m   [0mSET SQL_AUTO_IS_NULL=0[0m


Processing ShortUrlsController#index (for 127.0.0.1 at 2019-03-30 12:01:45) [GET]
  [4;36;1mShortenedUrl Columns (0.5ms)[0m   [0;1mSHOW FIELDS FROM `shortened_urls`[0m
Rendering short_urls/index

ActionView::TemplateError (Called id for nil, which would mistakenly be 4 -- if you really wanted the id of nil, use object_id) on line #2 of app/views/short_urls/index.html.erb:
1: <h1>ShortUrls#index</h1>
2: <% form_for @url do |f| %>
3:   <%= f.error_messages%>
4:   <div class="form-group">
5:       <%= f.label :orig_url %> Enter URL :<br/>

    app/views/short_urls/index.html.erb:2
    /usr/local/rvm/rubies/ruby-1.8.7-head/lib/ruby/1.8/webrick/httpserver.rb:104:in `service'
    /usr/local/rvm/rubies/ruby-1.8.7-head/lib/ruby/1.8/webrick/httpserver.rb:65:in `run'
    /usr/local/rvm/rubies/ruby-1.8.7-head/lib/ruby/1.8/webrick/server.rb:173:in `start_thread'
    /usr/local/rvm/rubies/ruby-1.8.7-head/lib/ruby/1.8/webrick/server.rb:162:in `start'
    /usr/local/rvm/rubies/ruby-1.8.7-head/lib/ruby/1.8/webrick/server.rb:162:in `start_thread'
    /usr/local/rvm/rubies/ruby-1.8.7-head/lib/ruby/1.8/webrick/server.rb:95:in `start'
    /usr/local/rvm/rubies/ruby-1.8.7-head/lib/ruby/1.8/webrick/server.rb:92:in `each'
    /usr/local/rvm/rubies/ruby-1.8.7-head/lib/ruby/1.8/webrick/server.rb:92:in `start'
    /usr/local/rvm/rubies/ruby-1.8.7-head/lib/ruby/1.8/webrick/server.rb:23:in `start'
    /usr/local/rvm/rubies/ruby-1.8.7-head/lib/ruby/1.8/webrick/server.rb:82:in `start'

Rendered rescues/_trace (22.9ms)
Rendered rescues/_request_and_response (0.8ms)
Rendering rescues/layout (internal_server_error)
  [4;35;1mSQL (0.1ms)[0m   [0mSET NAMES 'utf8'[0m
  [4;36;1mSQL (0.1ms)[0m   [0;1mSET SQL_AUTO_IS_NULL=0[0m


Processing ShortUrlsController#index (for 127.0.0.1 at 2019-03-30 12:01:46) [GET]
  [4;35;1mShortenedUrl Columns (0.5ms)[0m   [0mSHOW FIELDS FROM `shortened_urls`[0m
Rendering short_urls/index

ActionView::TemplateError (Called id for nil, which would mistakenly be 4 -- if you really wanted the id of nil, use object_id) on line #2 of app/views/short_urls/index.html.erb:
1: <h1>ShortUrls#index</h1>
2: <% form_for @url do |f| %>
3:   <%= f.error_messages%>
4:   <div class="form-group">
5:       <%= f.label :orig_url %> Enter URL :<br/>

    app/views/short_urls/index.html.erb:2
    /usr/local/rvm/rubies/ruby-1.8.7-head/lib/ruby/1.8/webrick/httpserver.rb:104:in `service'
    /usr/local/rvm/rubies/ruby-1.8.7-head/lib/ruby/1.8/webrick/httpserver.rb:65:in `run'
    /usr/local/rvm/rubies/ruby-1.8.7-head/lib/ruby/1.8/webrick/server.rb:173:in `start_thread'
    /usr/local/rvm/rubies/ruby-1.8.7-head/lib/ruby/1.8/webrick/server.rb:162:in `start'
    /usr/local/rvm/rubies/ruby-1.8.7-head/lib/ruby/1.8/webrick/server.rb:162:in `start_thread'
    /usr/local/rvm/rubies/ruby-1.8.7-head/lib/ruby/1.8/webrick/server.rb:95:in `start'
    /usr/local/rvm/rubies/ruby-1.8.7-head/lib/ruby/1.8/webrick/server.rb:92:in `each'
    /usr/local/rvm/rubies/ruby-1.8.7-head/lib/ruby/1.8/webrick/server.rb:92:in `start'
    /usr/local/rvm/rubies/ruby-1.8.7-head/lib/ruby/1.8/webrick/server.rb:23:in `start'
    /usr/local/rvm/rubies/ruby-1.8.7-head/lib/ruby/1.8/webrick/server.rb:82:in `start'

Rendered rescues/_trace (23.9ms)
Rendered rescues/_request_and_response (0.3ms)
Rendering rescues/layout (internal_server_error)
  [4;36;1mSQL (0.1ms)[0m   [0;1mSET NAMES 'utf8'[0m
  [4;35;1mSQL (0.1ms)[0m   [0mSET SQL_AUTO_IS_NULL=0[0m


Processing ShortUrlsController#index (for 127.0.0.1 at 2019-03-30 12:01:47) [GET]
  [4;36;1mShortenedUrl Columns (0.5ms)[0m   [0;1mSHOW FIELDS FROM `shortened_urls`[0m
Rendering short_urls/index

ActionView::TemplateError (Called id for nil, which would mistakenly be 4 -- if you really wanted the id of nil, use object_id) on line #2 of app/views/short_urls/index.html.erb:
1: <h1>ShortUrls#index</h1>
2: <% form_for @url do |f| %>
3:   <%= f.error_messages%>
4:   <div class="form-group">
5:       <%= f.label :orig_url %> Enter URL :<br/>

    app/views/short_urls/index.html.erb:2
    /usr/local/rvm/rubies/ruby-1.8.7-head/lib/ruby/1.8/webrick/httpserver.rb:104:in `service'
    /usr/local/rvm/rubies/ruby-1.8.7-head/lib/ruby/1.8/webrick/httpserver.rb:65:in `run'
    /usr/local/rvm/rubies/ruby-1.8.7-head/lib/ruby/1.8/webrick/server.rb:173:in `start_thread'
    /usr/local/rvm/rubies/ruby-1.8.7-head/lib/ruby/1.8/webrick/server.rb:162:in `start'
    /usr/local/rvm/rubies/ruby-1.8.7-head/lib/ruby/1.8/webrick/server.rb:162:in `start_thread'
    /usr/local/rvm/rubies/ruby-1.8.7-head/lib/ruby/1.8/webrick/server.rb:95:in `start'
    /usr/local/rvm/rubies/ruby-1.8.7-head/lib/ruby/1.8/webrick/server.rb:92:in `each'
    /usr/local/rvm/rubies/ruby-1.8.7-head/lib/ruby/1.8/webrick/server.rb:92:in `start'
    /usr/local/rvm/rubies/ruby-1.8.7-head/lib/ruby/1.8/webrick/server.rb:23:in `start'
    /usr/local/rvm/rubies/ruby-1.8.7-head/lib/ruby/1.8/webrick/server.rb:82:in `start'

Rendered rescues/_trace (54.7ms)
Rendered rescues/_request_and_response (0.2ms)
Rendering rescues/layout (internal_server_error)
  [4;35;1mSQL (0.1ms)[0m   [0mSET NAMES 'utf8'[0m
  [4;36;1mSQL (0.1ms)[0m   [0;1mSET SQL_AUTO_IS_NULL=0[0m


Processing ShortUrlsController#index (for 127.0.0.1 at 2019-03-30 12:01:49) [GET]
  [4;35;1mShortenedUrl Columns (0.7ms)[0m   [0mSHOW FIELDS FROM `shortened_urls`[0m
Rendering short_urls/index

ActionView::TemplateError (Called id for nil, which would mistakenly be 4 -- if you really wanted the id of nil, use object_id) on line #2 of app/views/short_urls/index.html.erb:
1: <h1>ShortUrls#index</h1>
2: <% form_for @url do |f| %>
3:   <%= f.error_messages%>
4:   <div class="form-group">
5:       <%= f.label :orig_url %> Enter URL :<br/>

    app/views/short_urls/index.html.erb:2
    /usr/local/rvm/rubies/ruby-1.8.7-head/lib/ruby/1.8/webrick/httpserver.rb:104:in `service'
    /usr/local/rvm/rubies/ruby-1.8.7-head/lib/ruby/1.8/webrick/httpserver.rb:65:in `run'
    /usr/local/rvm/rubies/ruby-1.8.7-head/lib/ruby/1.8/webrick/server.rb:173:in `start_thread'
    /usr/local/rvm/rubies/ruby-1.8.7-head/lib/ruby/1.8/webrick/server.rb:162:in `start'
    /usr/local/rvm/rubies/ruby-1.8.7-head/lib/ruby/1.8/webrick/server.rb:162:in `start_thread'
    /usr/local/rvm/rubies/ruby-1.8.7-head/lib/ruby/1.8/webrick/server.rb:95:in `start'
    /usr/local/rvm/rubies/ruby-1.8.7-head/lib/ruby/1.8/webrick/server.rb:92:in `each'
    /usr/local/rvm/rubies/ruby-1.8.7-head/lib/ruby/1.8/webrick/server.rb:92:in `start'
    /usr/local/rvm/rubies/ruby-1.8.7-head/lib/ruby/1.8/webrick/server.rb:23:in `start'
    /usr/local/rvm/rubies/ruby-1.8.7-head/lib/ruby/1.8/webrick/server.rb:82:in `start'

Rendered rescues/_trace (23.1ms)
Rendered rescues/_request_and_response (0.2ms)
Rendering rescues/layout (internal_server_error)
  [4;36;1mSQL (0.1ms)[0m   [0;1mSET NAMES 'utf8'[0m
  [4;35;1mSQL (0.1ms)[0m   [0mSET SQL_AUTO_IS_NULL=0[0m
  [4;36;1mSQL (16.9ms)[0m   [0;1mSHOW TABLES[0m
  [4;35;1mSQL (0.1ms)[0m   [0mSELECT version FROM schema_migrations[0m
Migrating to CreateShortenedUrls (20190330060036)
Migrating to AddSantizeUrltoShortenedUrls (20190330063637)
  [4;36;1mSQL (358.8ms)[0m   [0;1mALTER TABLE `shortened_urls` ADD `sanitize_url` varchar(255)[0m
  [4;35;1mSQL (55.2ms)[0m   [0mINSERT INTO schema_migrations (version) VALUES ('20190330063637')[0m
  [4;36;1mSQL (0.3ms)[0m   [0;1mSHOW TABLES[0m
  [4;35;1mSQL (96.1ms)[0m   [0mSELECT version FROM schema_migrations[0m
  [4;36;1mSQL (0.3ms)[0m   [0;1mSHOW TABLES[0m
  [4;35;1mSQL (0.7ms)[0m   [0mSHOW FIELDS FROM `shortened_urls`[0m
  [4;36;1mSQL (0.6ms)[0m   [0;1mdescribe `shortened_urls`[0m
  [4;35;1mSQL (0.3ms)[0m   [0mSHOW KEYS FROM `shortened_urls`[0m
  [4;36;1mSQL (0.1ms)[0m   [0;1mSET NAMES 'utf8'[0m
  [4;35;1mSQL (0.0ms)[0m   [0mSET SQL_AUTO_IS_NULL=0[0m


Processing ShortUrlsController#index (for 127.0.0.1 at 2019-03-30 12:11:38) [GET]
  [4;36;1mShortenedUrl Columns (0.5ms)[0m   [0;1mSHOW FIELDS FROM `shortened_urls`[0m
Rendering short_urls/index

ActionView::TemplateError (Called id for nil, which would mistakenly be 4 -- if you really wanted the id of nil, use object_id) on line #2 of app/views/short_urls/index.html.erb:
1: <h1>ShortUrls#index</h1>
2: <% form_for @url do |f| %>
3:   <%= f.error_messages%>
4:   <div class="form-group">
5:       <%= f.label :orig_url %> Enter URL :<br/>

    app/views/short_urls/index.html.erb:2
    /usr/local/rvm/rubies/ruby-1.8.7-head/lib/ruby/1.8/webrick/httpserver.rb:104:in `service'
    /usr/local/rvm/rubies/ruby-1.8.7-head/lib/ruby/1.8/webrick/httpserver.rb:65:in `run'
    /usr/local/rvm/rubies/ruby-1.8.7-head/lib/ruby/1.8/webrick/server.rb:173:in `start_thread'
    /usr/local/rvm/rubies/ruby-1.8.7-head/lib/ruby/1.8/webrick/server.rb:162:in `start'
    /usr/local/rvm/rubies/ruby-1.8.7-head/lib/ruby/1.8/webrick/server.rb:162:in `start_thread'
    /usr/local/rvm/rubies/ruby-1.8.7-head/lib/ruby/1.8/webrick/server.rb:95:in `start'
    /usr/local/rvm/rubies/ruby-1.8.7-head/lib/ruby/1.8/webrick/server.rb:92:in `each'
    /usr/local/rvm/rubies/ruby-1.8.7-head/lib/ruby/1.8/webrick/server.rb:92:in `start'
    /usr/local/rvm/rubies/ruby-1.8.7-head/lib/ruby/1.8/webrick/server.rb:23:in `start'
    /usr/local/rvm/rubies/ruby-1.8.7-head/lib/ruby/1.8/webrick/server.rb:82:in `start'

Rendered rescues/_trace (22.3ms)
Rendered rescues/_request_and_response (0.8ms)
Rendering rescues/layout (internal_server_error)
  [4;36;1mSQL (0.1ms)[0m   [0;1mSET NAMES 'utf8'[0m
  [4;35;1mSQL (0.1ms)[0m   [0mSET SQL_AUTO_IS_NULL=0[0m


Processing ShortUrlsController#index (for 127.0.0.1 at 2019-03-30 12:17:00) [GET]
  [4;36;1mShortenedUrl Columns (0.6ms)[0m   [0;1mSHOW FIELDS FROM `shortened_urls`[0m
Rendering short_urls/index

ActionView::TemplateError (Called id for nil, which would mistakenly be 4 -- if you really wanted the id of nil, use object_id) on line #2 of app/views/short_urls/index.html.erb:
1: <h1>ShortUrls#index</h1>
2: <% form_for @url do |f| %>
3:   <%= f.error_messages%>
4:   <div class="form-group">
5:       <%= f.label :orig_url %> Enter URL :<br/>

    app/views/short_urls/index.html.erb:2
    /usr/local/rvm/rubies/ruby-1.8.7-head/lib/ruby/1.8/webrick/httpserver.rb:104:in `service'
    /usr/local/rvm/rubies/ruby-1.8.7-head/lib/ruby/1.8/webrick/httpserver.rb:65:in `run'
    /usr/local/rvm/rubies/ruby-1.8.7-head/lib/ruby/1.8/webrick/server.rb:173:in `start_thread'
    /usr/local/rvm/rubies/ruby-1.8.7-head/lib/ruby/1.8/webrick/server.rb:162:in `start'
    /usr/local/rvm/rubies/ruby-1.8.7-head/lib/ruby/1.8/webrick/server.rb:162:in `start_thread'
    /usr/local/rvm/rubies/ruby-1.8.7-head/lib/ruby/1.8/webrick/server.rb:95:in `start'
    /usr/local/rvm/rubies/ruby-1.8.7-head/lib/ruby/1.8/webrick/server.rb:92:in `each'
    /usr/local/rvm/rubies/ruby-1.8.7-head/lib/ruby/1.8/webrick/server.rb:92:in `start'
    /usr/local/rvm/rubies/ruby-1.8.7-head/lib/ruby/1.8/webrick/server.rb:23:in `start'
    /usr/local/rvm/rubies/ruby-1.8.7-head/lib/ruby/1.8/webrick/server.rb:82:in `start'

Rendered rescues/_trace (22.2ms)
Rendered rescues/_request_and_response (0.8ms)
Rendering rescues/layout (internal_server_error)
  [4;36;1mSQL (0.1ms)[0m   [0;1mSET NAMES 'utf8'[0m
  [4;35;1mSQL (0.1ms)[0m   [0mSET SQL_AUTO_IS_NULL=0[0m


Processing ShortUrlsController#index (for 127.0.0.1 at 2019-03-30 12:27:01) [GET]
  [4;36;1mShortenedUrl Columns (0.6ms)[0m   [0;1mSHOW FIELDS FROM `shortened_urls`[0m
Rendering short_urls/index
Completed in 9ms (View: 5, DB: 1) | 200 OK [http://localhost/short_urls]
  [4;36;1mSQL (0.1ms)[0m   [0;1mSET NAMES 'utf8'[0m
  [4;35;1mSQL (0.1ms)[0m   [0mSET SQL_AUTO_IS_NULL=0[0m


Processing ShortUrlsController#index (for 127.0.0.1 at 2019-03-30 12:40:54) [GET]
  [4;36;1mShortenedUrl Columns (0.7ms)[0m   [0;1mSHOW FIELDS FROM `shortened_urls`[0m
Rendering short_urls/index
Completed in 11ms (View: 4, DB: 1) | 200 OK [http://localhost/short_urls]
  [4;35;1mSQL (0.1ms)[0m   [0mSET NAMES 'utf8'[0m
  [4;36;1mSQL (0.1ms)[0m   [0;1mSET SQL_AUTO_IS_NULL=0[0m


Processing ShortUrlsController#index (for 127.0.0.1 at 2019-03-30 12:40:56) [GET]
  [4;35;1mShortenedUrl Columns (0.5ms)[0m   [0mSHOW FIELDS FROM `shortened_urls`[0m
Rendering short_urls/index
Completed in 5ms (View: 0, DB: 1) | 200 OK [http://localhost/short_urls]
  [4;36;1mSQL (0.1ms)[0m   [0;1mSET NAMES 'utf8'[0m
  [4;35;1mSQL (0.2ms)[0m   [0mSET SQL_AUTO_IS_NULL=0[0m


Processing ShortUrlsController#show (for 127.0.0.1 at 2019-03-30 12:41:07) [GET]
  Parameters: {"orig_url"=>"https://www.theodinproject.com/courses/ruby-on-rails/lessons/apis?ref=lnav", "id"=>"create"}

ActionView::MissingTemplate (Missing template short_urls/show.erb in view path app/views):
  /usr/local/rvm/rubies/ruby-1.8.7-head/lib/ruby/1.8/webrick/httpserver.rb:104:in `service'
  /usr/local/rvm/rubies/ruby-1.8.7-head/lib/ruby/1.8/webrick/httpserver.rb:65:in `run'
  /usr/local/rvm/rubies/ruby-1.8.7-head/lib/ruby/1.8/webrick/server.rb:173:in `start_thread'
  /usr/local/rvm/rubies/ruby-1.8.7-head/lib/ruby/1.8/webrick/server.rb:162:in `start'
  /usr/local/rvm/rubies/ruby-1.8.7-head/lib/ruby/1.8/webrick/server.rb:162:in `start_thread'
  /usr/local/rvm/rubies/ruby-1.8.7-head/lib/ruby/1.8/webrick/server.rb:95:in `start'
  /usr/local/rvm/rubies/ruby-1.8.7-head/lib/ruby/1.8/webrick/server.rb:92:in `each'
  /usr/local/rvm/rubies/ruby-1.8.7-head/lib/ruby/1.8/webrick/server.rb:92:in `start'
  /usr/local/rvm/rubies/ruby-1.8.7-head/lib/ruby/1.8/webrick/server.rb:23:in `start'
  /usr/local/rvm/rubies/ruby-1.8.7-head/lib/ruby/1.8/webrick/server.rb:82:in `start'

Rendering rescues/layout (internal_server_error)
  [4;36;1mSQL (0.1ms)[0m   [0;1mSET NAMES 'utf8'[0m
  [4;35;1mSQL (0.2ms)[0m   [0mSET SQL_AUTO_IS_NULL=0[0m


Processing ShortUrlsController#show (for 127.0.0.1 at 2019-03-30 12:42:50) [GET]
  Parameters: {"orig_url"=>"https://www.theodinproject.com/courses/ruby-on-rails/lessons/apis?ref=lnav", "id"=>"create"}
  [4;36;1mShortenedUrl Columns (0.5ms)[0m   [0;1mSHOW FIELDS FROM `shortened_urls`[0m
  [4;35;1mShortenedUrl Load (26.5ms)[0m   [0mSELECT * FROM `shortened_urls` WHERE (`shortened_urls`.`short_url` IS NULL) LIMIT 1[0m

NoMethodError (undefined method `sanitize_url' for nil:NilClass):
  app/controllers/short_urls_controller.rb:9:in `show'
  /usr/local/rvm/rubies/ruby-1.8.7-head/lib/ruby/1.8/webrick/httpserver.rb:104:in `service'
  /usr/local/rvm/rubies/ruby-1.8.7-head/lib/ruby/1.8/webrick/httpserver.rb:65:in `run'
  /usr/local/rvm/rubies/ruby-1.8.7-head/lib/ruby/1.8/webrick/server.rb:173:in `start_thread'
  /usr/local/rvm/rubies/ruby-1.8.7-head/lib/ruby/1.8/webrick/server.rb:162:in `start'
  /usr/local/rvm/rubies/ruby-1.8.7-head/lib/ruby/1.8/webrick/server.rb:162:in `start_thread'
  /usr/local/rvm/rubies/ruby-1.8.7-head/lib/ruby/1.8/webrick/server.rb:95:in `start'
  /usr/local/rvm/rubies/ruby-1.8.7-head/lib/ruby/1.8/webrick/server.rb:92:in `each'
  /usr/local/rvm/rubies/ruby-1.8.7-head/lib/ruby/1.8/webrick/server.rb:92:in `start'
  /usr/local/rvm/rubies/ruby-1.8.7-head/lib/ruby/1.8/webrick/server.rb:23:in `start'
  /usr/local/rvm/rubies/ruby-1.8.7-head/lib/ruby/1.8/webrick/server.rb:82:in `start'

Rendered rescues/_trace (19.3ms)
Rendered rescues/_request_and_response (0.7ms)
Rendering rescues/layout (internal_server_error)
  [4;36;1mSQL (0.1ms)[0m   [0;1mSET NAMES 'utf8'[0m
  [4;35;1mSQL (0.0ms)[0m   [0mSET SQL_AUTO_IS_NULL=0[0m


Processing ShortUrlsController#index (for 127.0.0.1 at 2019-03-30 12:46:02) [GET]
  [4;36;1mShortenedUrl Columns (0.5ms)[0m   [0;1mSHOW FIELDS FROM `shortened_urls`[0m
Rendering short_urls/index
Completed in 8ms (View: 3, DB: 1) | 200 OK [http://localhost/short_urls]
  [4;35;1mSQL (0.0ms)[0m   [0mSET NAMES 'utf8'[0m
  [4;36;1mSQL (0.0ms)[0m   [0;1mSET SQL_AUTO_IS_NULL=0[0m


Processing ShortUrlsController#show (for 127.0.0.1 at 2019-03-30 12:46:08) [GET]
  Parameters: {"id"=>"create", "orig_url"=>"https://www.theodinproject.com/courses/ruby-on-rails/lessons/apis?ref=lnav"}
  [4;35;1mShortenedUrl Columns (0.5ms)[0m   [0mSHOW FIELDS FROM `shortened_urls`[0m
  [4;36;1mShortenedUrl Load (0.1ms)[0m   [0;1mSELECT * FROM `shortened_urls` WHERE (`shortened_urls`.`short_url` IS NULL) LIMIT 1[0m

NoMethodError (undefined method `sanitize_url' for nil:NilClass):
  app/controllers/short_urls_controller.rb:9:in `show'
  /usr/local/rvm/rubies/ruby-1.8.7-head/lib/ruby/1.8/webrick/httpserver.rb:104:in `service'
  /usr/local/rvm/rubies/ruby-1.8.7-head/lib/ruby/1.8/webrick/httpserver.rb:65:in `run'
  /usr/local/rvm/rubies/ruby-1.8.7-head/lib/ruby/1.8/webrick/server.rb:173:in `start_thread'
  /usr/local/rvm/rubies/ruby-1.8.7-head/lib/ruby/1.8/webrick/server.rb:162:in `start'
  /usr/local/rvm/rubies/ruby-1.8.7-head/lib/ruby/1.8/webrick/server.rb:162:in `start_thread'
  /usr/local/rvm/rubies/ruby-1.8.7-head/lib/ruby/1.8/webrick/server.rb:95:in `start'
  /usr/local/rvm/rubies/ruby-1.8.7-head/lib/ruby/1.8/webrick/server.rb:92:in `each'
  /usr/local/rvm/rubies/ruby-1.8.7-head/lib/ruby/1.8/webrick/server.rb:92:in `start'
  /usr/local/rvm/rubies/ruby-1.8.7-head/lib/ruby/1.8/webrick/server.rb:23:in `start'
  /usr/local/rvm/rubies/ruby-1.8.7-head/lib/ruby/1.8/webrick/server.rb:82:in `start'

Rendered rescues/_trace (18.3ms)
Rendered rescues/_request_and_response (0.7ms)
Rendering rescues/layout (internal_server_error)
  [4;36;1mSQL (0.1ms)[0m   [0;1mSET NAMES 'utf8'[0m
  [4;35;1mSQL (0.1ms)[0m   [0mSET SQL_AUTO_IS_NULL=0[0m


Processing ShortUrlsController#index (for 127.0.0.1 at 2019-03-30 12:47:58) [GET]
  [4;36;1mShortenedUrl Columns (0.5ms)[0m   [0;1mSHOW FIELDS FROM `shortened_urls`[0m
Rendering short_urls/index
Completed in 9ms (View: 4, DB: 1) | 200 OK [http://localhost/short_urls]
  [4;35;1mSQL (0.1ms)[0m   [0mSET NAMES 'utf8'[0m
  [4;36;1mSQL (0.1ms)[0m   [0;1mSET SQL_AUTO_IS_NULL=0[0m


Processing ShortUrlsController#show (for 127.0.0.1 at 2019-03-30 12:48:02) [GET]
  Parameters: {"orig_url"=>"https://www.theodinproject.com/courses/ruby-on-rails/lessons/apis?ref=lnav", "id"=>"create"}
  [4;35;1mShortenedUrl Columns (0.5ms)[0m   [0mSHOW FIELDS FROM `shortened_urls`[0m
  [4;36;1mShortenedUrl Load (0.1ms)[0m   [0;1mSELECT * FROM `shortened_urls` WHERE (`shortened_urls`.`short_url` IS NULL) LIMIT 1[0m

NoMethodError (undefined method `sanitize_url' for nil:NilClass):
  app/controllers/short_urls_controller.rb:9:in `show'
  /usr/local/rvm/rubies/ruby-1.8.7-head/lib/ruby/1.8/webrick/httpserver.rb:104:in `service'
  /usr/local/rvm/rubies/ruby-1.8.7-head/lib/ruby/1.8/webrick/httpserver.rb:65:in `run'
  /usr/local/rvm/rubies/ruby-1.8.7-head/lib/ruby/1.8/webrick/server.rb:173:in `start_thread'
  /usr/local/rvm/rubies/ruby-1.8.7-head/lib/ruby/1.8/webrick/server.rb:162:in `start'
  /usr/local/rvm/rubies/ruby-1.8.7-head/lib/ruby/1.8/webrick/server.rb:162:in `start_thread'
  /usr/local/rvm/rubies/ruby-1.8.7-head/lib/ruby/1.8/webrick/server.rb:95:in `start'
  /usr/local/rvm/rubies/ruby-1.8.7-head/lib/ruby/1.8/webrick/server.rb:92:in `each'
  /usr/local/rvm/rubies/ruby-1.8.7-head/lib/ruby/1.8/webrick/server.rb:92:in `start'
  /usr/local/rvm/rubies/ruby-1.8.7-head/lib/ruby/1.8/webrick/server.rb:23:in `start'
  /usr/local/rvm/rubies/ruby-1.8.7-head/lib/ruby/1.8/webrick/server.rb:82:in `start'

Rendered rescues/_trace (18.5ms)
Rendered rescues/_request_and_response (1.5ms)
Rendering rescues/layout (internal_server_error)
  [4;35;1mSQL (0.1ms)[0m   [0mSET NAMES 'utf8'[0m
  [4;36;1mSQL (0.0ms)[0m   [0;1mSET SQL_AUTO_IS_NULL=0[0m


Processing ShortUrlsController#show (for 127.0.0.1 at 2019-03-30 12:48:41) [GET]
  Parameters: {"orig_url"=>"https://www.theodinproject.com/courses/ruby-on-rails/lessons/apis?ref=lnav", "id"=>"create"}
  [4;35;1mShortenedUrl Columns (0.6ms)[0m   [0mSHOW FIELDS FROM `shortened_urls`[0m
  [4;36;1mShortenedUrl Load (0.1ms)[0m   [0;1mSELECT * FROM `shortened_urls` WHERE (`shortened_urls`.`short_url` IS NULL) LIMIT 1[0m

NoMethodError (undefined method `sanitize_url' for nil:NilClass):
  app/controllers/short_urls_controller.rb:9:in `show'
  /usr/local/rvm/rubies/ruby-1.8.7-head/lib/ruby/1.8/webrick/httpserver.rb:104:in `service'
  /usr/local/rvm/rubies/ruby-1.8.7-head/lib/ruby/1.8/webrick/httpserver.rb:65:in `run'
  /usr/local/rvm/rubies/ruby-1.8.7-head/lib/ruby/1.8/webrick/server.rb:173:in `start_thread'
  /usr/local/rvm/rubies/ruby-1.8.7-head/lib/ruby/1.8/webrick/server.rb:162:in `start'
  /usr/local/rvm/rubies/ruby-1.8.7-head/lib/ruby/1.8/webrick/server.rb:162:in `start_thread'
  /usr/local/rvm/rubies/ruby-1.8.7-head/lib/ruby/1.8/webrick/server.rb:95:in `start'
  /usr/local/rvm/rubies/ruby-1.8.7-head/lib/ruby/1.8/webrick/server.rb:92:in `each'
  /usr/local/rvm/rubies/ruby-1.8.7-head/lib/ruby/1.8/webrick/server.rb:92:in `start'
  /usr/local/rvm/rubies/ruby-1.8.7-head/lib/ruby/1.8/webrick/server.rb:23:in `start'
  /usr/local/rvm/rubies/ruby-1.8.7-head/lib/ruby/1.8/webrick/server.rb:82:in `start'

Rendered rescues/_trace (20.5ms)
Rendered rescues/_request_and_response (0.2ms)
Rendering rescues/layout (internal_server_error)
  [4;36;1mSQL (0.1ms)[0m   [0;1mSET NAMES 'utf8'[0m
  [4;35;1mSQL (0.1ms)[0m   [0mSET SQL_AUTO_IS_NULL=0[0m


Processing ShortUrlsController#index (for 127.0.0.1 at 2019-03-30 12:52:38) [GET]
  [4;36;1mShortenedUrl Columns (0.6ms)[0m   [0;1mSHOW FIELDS FROM `shortened_urls`[0m
Rendering short_urls/index
Completed in 11ms (View: 4, DB: 1) | 200 OK [http://localhost/short_urls]
  [4;36;1mSQL (0.1ms)[0m   [0;1mSET NAMES 'utf8'[0m
  [4;35;1mSQL (0.1ms)[0m   [0mSET SQL_AUTO_IS_NULL=0[0m
  [4;36;1mSQL (0.2ms)[0m   [0;1mSHOW TABLES[0m
  [4;35;1mShortenedUrl Columns (0.4ms)[0m   [0mSHOW FIELDS FROM `shortened_urls`[0m
  [4;36;1mSQL (0.1ms)[0m   [0;1mBEGIN[0m
  [4;35;1mSQL (0.0ms)[0m   [0mROLLBACK[0m
  [4;36;1mSQL (0.1ms)[0m   [0;1mSET NAMES 'utf8'[0m
  [4;35;1mSQL (0.1ms)[0m   [0mSET SQL_AUTO_IS_NULL=0[0m


Processing ShortUrlsController#index (for 127.0.0.1 at 2019-03-30 13:01:42) [GET]
  [4;36;1mShortenedUrl Columns (1.3ms)[0m   [0;1mSHOW FIELDS FROM `shortened_urls`[0m
Rendering short_urls/index
Completed in 15ms (View: 6, DB: 1) | 200 OK [http://localhost/short_urls]
  [4;35;1mSQL (0.1ms)[0m   [0mSET NAMES 'utf8'[0m
  [4;36;1mSQL (0.1ms)[0m   [0;1mSET SQL_AUTO_IS_NULL=0[0m


Processing ShortUrlsController#show (for 127.0.0.1 at 2019-03-30 13:01:46) [GET]
  Parameters: {"orig_url"=>"https://www.theodinproject.com/courses/ruby-on-rails/lessons/apis?ref=lnav", "id"=>"create"}
  [4;35;1mShortenedUrl Columns (1.1ms)[0m   [0mSHOW FIELDS FROM `shortened_urls`[0m
  [4;36;1mShortenedUrl Load (0.1ms)[0m   [0;1mSELECT * FROM `shortened_urls` WHERE (`shortened_urls`.`short_url` IS NULL) LIMIT 1[0m

NoMethodError (undefined method `sanitize_url' for nil:NilClass):
  app/controllers/short_urls_controller.rb:9:in `show'
  /usr/local/rvm/rubies/ruby-1.8.7-head/lib/ruby/1.8/webrick/httpserver.rb:104:in `service'
  /usr/local/rvm/rubies/ruby-1.8.7-head/lib/ruby/1.8/webrick/httpserver.rb:65:in `run'
  /usr/local/rvm/rubies/ruby-1.8.7-head/lib/ruby/1.8/webrick/server.rb:173:in `start_thread'
  /usr/local/rvm/rubies/ruby-1.8.7-head/lib/ruby/1.8/webrick/server.rb:162:in `start'
  /usr/local/rvm/rubies/ruby-1.8.7-head/lib/ruby/1.8/webrick/server.rb:162:in `start_thread'
  /usr/local/rvm/rubies/ruby-1.8.7-head/lib/ruby/1.8/webrick/server.rb:95:in `start'
  /usr/local/rvm/rubies/ruby-1.8.7-head/lib/ruby/1.8/webrick/server.rb:92:in `each'
  /usr/local/rvm/rubies/ruby-1.8.7-head/lib/ruby/1.8/webrick/server.rb:92:in `start'
  /usr/local/rvm/rubies/ruby-1.8.7-head/lib/ruby/1.8/webrick/server.rb:23:in `start'
  /usr/local/rvm/rubies/ruby-1.8.7-head/lib/ruby/1.8/webrick/server.rb:82:in `start'

Rendered rescues/_trace (34.2ms)
Rendered rescues/_request_and_response (1.4ms)
Rendering rescues/layout (internal_server_error)
  [4;35;1mSQL (0.1ms)[0m   [0mSET NAMES 'utf8'[0m
  [4;36;1mSQL (0.1ms)[0m   [0;1mSET SQL_AUTO_IS_NULL=0[0m


Processing ShortUrlsController#show (for 127.0.0.1 at 2019-03-30 13:02:13) [GET]
  Parameters: {"orig_url"=>"https://www.theodinproject.com/courses/ruby-on-rails/lessons/apis?ref=lnav", "id"=>"create"}
  [4;35;1mShortenedUrl Columns (0.7ms)[0m   [0mSHOW FIELDS FROM `shortened_urls`[0m
  [4;36;1mShortenedUrl Load (0.1ms)[0m   [0;1mSELECT * FROM `shortened_urls` WHERE (`shortened_urls`.`short_url` IS NULL) LIMIT 1[0m

NoMethodError (undefined method `sanitize_url' for nil:NilClass):
  app/controllers/short_urls_controller.rb:9:in `show'
  /usr/local/rvm/rubies/ruby-1.8.7-head/lib/ruby/1.8/webrick/httpserver.rb:104:in `service'
  /usr/local/rvm/rubies/ruby-1.8.7-head/lib/ruby/1.8/webrick/httpserver.rb:65:in `run'
  /usr/local/rvm/rubies/ruby-1.8.7-head/lib/ruby/1.8/webrick/server.rb:173:in `start_thread'
  /usr/local/rvm/rubies/ruby-1.8.7-head/lib/ruby/1.8/webrick/server.rb:162:in `start'
  /usr/local/rvm/rubies/ruby-1.8.7-head/lib/ruby/1.8/webrick/server.rb:162:in `start_thread'
  /usr/local/rvm/rubies/ruby-1.8.7-head/lib/ruby/1.8/webrick/server.rb:95:in `start'
  /usr/local/rvm/rubies/ruby-1.8.7-head/lib/ruby/1.8/webrick/server.rb:92:in `each'
  /usr/local/rvm/rubies/ruby-1.8.7-head/lib/ruby/1.8/webrick/server.rb:92:in `start'
  /usr/local/rvm/rubies/ruby-1.8.7-head/lib/ruby/1.8/webrick/server.rb:23:in `start'
  /usr/local/rvm/rubies/ruby-1.8.7-head/lib/ruby/1.8/webrick/server.rb:82:in `start'

Rendered rescues/_trace (36.5ms)
Rendered rescues/_request_and_response (1.1ms)
Rendering rescues/layout (internal_server_error)
  [4;36;1mSQL (0.1ms)[0m   [0;1mSET NAMES 'utf8'[0m
  [4;35;1mSQL (0.1ms)[0m   [0mSET SQL_AUTO_IS_NULL=0[0m


Processing ShortUrlsController#index (for 127.0.0.1 at 2019-03-30 13:05:50) [GET]
  [4;36;1mShortenedUrl Columns (3.8ms)[0m   [0;1mSHOW FIELDS FROM `shortened_urls`[0m
Rendering short_urls/index
Completed in 29ms (View: 10, DB: 4) | 200 OK [http://localhost/short_urls]
  [4;35;1mSQL (0.1ms)[0m   [0mSET NAMES 'utf8'[0m
  [4;36;1mSQL (0.1ms)[0m   [0;1mSET SQL_AUTO_IS_NULL=0[0m


Processing ShortUrlsController#show (for 127.0.0.1 at 2019-03-30 13:06:00) [GET]
  Parameters: {"id"=>"create", "orig_url"=>"https://www.theodinproject.com/courses/ruby-on-rails/lessons/apis?ref=lnav"}
  [4;35;1mShortenedUrl Columns (6.4ms)[0m   [0mSHOW FIELDS FROM `shortened_urls`[0m
  [4;36;1mShortenedUrl Load (0.1ms)[0m   [0;1mSELECT * FROM `shortened_urls` WHERE (`shortened_urls`.`short_url` IS NULL) LIMIT 1[0m

NoMethodError (undefined method `sanitize_url' for nil:NilClass):
  app/controllers/short_urls_controller.rb:9:in `show'
  /usr/local/rvm/rubies/ruby-1.8.7-head/lib/ruby/1.8/webrick/httpserver.rb:104:in `service'
  /usr/local/rvm/rubies/ruby-1.8.7-head/lib/ruby/1.8/webrick/httpserver.rb:65:in `run'
  /usr/local/rvm/rubies/ruby-1.8.7-head/lib/ruby/1.8/webrick/server.rb:173:in `start_thread'
  /usr/local/rvm/rubies/ruby-1.8.7-head/lib/ruby/1.8/webrick/server.rb:162:in `start'
  /usr/local/rvm/rubies/ruby-1.8.7-head/lib/ruby/1.8/webrick/server.rb:162:in `start_thread'
  /usr/local/rvm/rubies/ruby-1.8.7-head/lib/ruby/1.8/webrick/server.rb:95:in `start'
  /usr/local/rvm/rubies/ruby-1.8.7-head/lib/ruby/1.8/webrick/server.rb:92:in `each'
  /usr/local/rvm/rubies/ruby-1.8.7-head/lib/ruby/1.8/webrick/server.rb:92:in `start'
  /usr/local/rvm/rubies/ruby-1.8.7-head/lib/ruby/1.8/webrick/server.rb:23:in `start'
  /usr/local/rvm/rubies/ruby-1.8.7-head/lib/ruby/1.8/webrick/server.rb:82:in `start'

Rendered rescues/_trace (78.8ms)
Rendered rescues/_request_and_response (1.3ms)
Rendering rescues/layout (internal_server_error)
  [4;35;1mSQL (0.2ms)[0m   [0mSET NAMES 'utf8'[0m
  [4;36;1mSQL (0.1ms)[0m   [0;1mSET SQL_AUTO_IS_NULL=0[0m


Processing ShortUrlsController#index (for 127.0.0.1 at 2019-03-30 13:08:11) [GET]
  [4;35;1mShortenedUrl Columns (3.9ms)[0m   [0mSHOW FIELDS FROM `shortened_urls`[0m
Rendering short_urls/index
Completed in 18ms (View: 5, DB: 4) | 200 OK [http://localhost/short_urls]
  [4;36;1mSQL (0.1ms)[0m   [0;1mSET NAMES 'utf8'[0m
  [4;35;1mSQL (0.1ms)[0m   [0mSET SQL_AUTO_IS_NULL=0[0m


Processing ShortUrlsController#index (for 127.0.0.1 at 2019-03-30 13:08:41) [GET]
  [4;36;1mShortenedUrl Columns (0.8ms)[0m   [0;1mSHOW FIELDS FROM `shortened_urls`[0m
Rendering short_urls/index
Completed in 22ms (View: 10, DB: 1) | 200 OK [http://localhost/short_urls]
  [4;36;1mSQL (0.1ms)[0m   [0;1mSET NAMES 'utf8'[0m
  [4;35;1mSQL (0.1ms)[0m   [0mSET SQL_AUTO_IS_NULL=0[0m


Processing ShortUrlsController#index (for 127.0.0.1 at 2019-03-30 13:08:48) [GET]
  [4;36;1mShortenedUrl Columns (0.7ms)[0m   [0;1mSHOW FIELDS FROM `shortened_urls`[0m
Rendering short_urls/index
Completed in 28ms (View: 7, DB: 1) | 200 OK [http://localhost/short_urls]
  [4;35;1mSQL (0.1ms)[0m   [0mSET NAMES 'utf8'[0m
  [4;36;1mSQL (0.1ms)[0m   [0;1mSET SQL_AUTO_IS_NULL=0[0m


Processing ShortUrlsController#create (for 127.0.0.1 at 2019-03-30 13:08:51) [POST]
  Parameters: {"orig_url"=>"https://www.theodinproject.com/courses/ruby-on-rails/lessons/apis?ref=lnav"}

ActionController::InvalidAuthenticityToken (ActionController::InvalidAuthenticityToken):
  /usr/local/rvm/rubies/ruby-1.8.7-head/lib/ruby/1.8/webrick/httpserver.rb:104:in `service'
  /usr/local/rvm/rubies/ruby-1.8.7-head/lib/ruby/1.8/webrick/httpserver.rb:65:in `run'
  /usr/local/rvm/rubies/ruby-1.8.7-head/lib/ruby/1.8/webrick/server.rb:173:in `start_thread'
  /usr/local/rvm/rubies/ruby-1.8.7-head/lib/ruby/1.8/webrick/server.rb:162:in `start'
  /usr/local/rvm/rubies/ruby-1.8.7-head/lib/ruby/1.8/webrick/server.rb:162:in `start_thread'
  /usr/local/rvm/rubies/ruby-1.8.7-head/lib/ruby/1.8/webrick/server.rb:95:in `start'
  /usr/local/rvm/rubies/ruby-1.8.7-head/lib/ruby/1.8/webrick/server.rb:92:in `each'
  /usr/local/rvm/rubies/ruby-1.8.7-head/lib/ruby/1.8/webrick/server.rb:92:in `start'
  /usr/local/rvm/rubies/ruby-1.8.7-head/lib/ruby/1.8/webrick/server.rb:23:in `start'
  /usr/local/rvm/rubies/ruby-1.8.7-head/lib/ruby/1.8/webrick/server.rb:82:in `start'

Rendered rescues/_trace (63.6ms)
Rendered rescues/_request_and_response (1.4ms)
Rendering rescues/layout (unprocessable_entity)
  [4;36;1mSQL (0.1ms)[0m   [0;1mSET NAMES 'utf8'[0m
  [4;35;1mSQL (0.1ms)[0m   [0mSET SQL_AUTO_IS_NULL=0[0m


Processing ShortUrlsController#index (for 127.0.0.1 at 2019-03-30 13:10:06) [GET]
  [4;36;1mShortenedUrl Columns (0.9ms)[0m   [0;1mSHOW FIELDS FROM `shortened_urls`[0m
Rendering short_urls/index
Completed in 15ms (View: 7, DB: 1) | 200 OK [http://localhost/short_urls]
  [4;35;1mSQL (0.1ms)[0m   [0mSET NAMES 'utf8'[0m
  [4;36;1mSQL (0.1ms)[0m   [0;1mSET SQL_AUTO_IS_NULL=0[0m


Processing ShortUrlsController#create (for 127.0.0.1 at 2019-03-30 13:10:09) [POST]
  Parameters: {"orig_url"=>"https://www.theodinproject.com/courses/ruby-on-rails/lessons/apis?ref=lnav"}

ActionController::InvalidAuthenticityToken (ActionController::InvalidAuthenticityToken):
  /usr/local/rvm/rubies/ruby-1.8.7-head/lib/ruby/1.8/webrick/httpserver.rb:104:in `service'
  /usr/local/rvm/rubies/ruby-1.8.7-head/lib/ruby/1.8/webrick/httpserver.rb:65:in `run'
  /usr/local/rvm/rubies/ruby-1.8.7-head/lib/ruby/1.8/webrick/server.rb:173:in `start_thread'
  /usr/local/rvm/rubies/ruby-1.8.7-head/lib/ruby/1.8/webrick/server.rb:162:in `start'
  /usr/local/rvm/rubies/ruby-1.8.7-head/lib/ruby/1.8/webrick/server.rb:162:in `start_thread'
  /usr/local/rvm/rubies/ruby-1.8.7-head/lib/ruby/1.8/webrick/server.rb:95:in `start'
  /usr/local/rvm/rubies/ruby-1.8.7-head/lib/ruby/1.8/webrick/server.rb:92:in `each'
  /usr/local/rvm/rubies/ruby-1.8.7-head/lib/ruby/1.8/webrick/server.rb:92:in `start'
  /usr/local/rvm/rubies/ruby-1.8.7-head/lib/ruby/1.8/webrick/server.rb:23:in `start'
  /usr/local/rvm/rubies/ruby-1.8.7-head/lib/ruby/1.8/webrick/server.rb:82:in `start'

Rendered rescues/_trace (65.3ms)
Rendered rescues/_request_and_response (1.4ms)
Rendering rescues/layout (unprocessable_entity)
  [4;35;1mSQL (0.1ms)[0m   [0mSET NAMES 'utf8'[0m
  [4;36;1mSQL (0.1ms)[0m   [0;1mSET SQL_AUTO_IS_NULL=0[0m


Processing ShortUrlsController#create (for 127.0.0.1 at 2019-03-30 13:11:11) [POST]
  Parameters: {"orig_url"=>"https://www.theodinproject.com/courses/ruby-on-rails/lessons/apis?ref=lnav"}

ActionController::InvalidAuthenticityToken (ActionController::InvalidAuthenticityToken):
  /usr/local/rvm/rubies/ruby-1.8.7-head/lib/ruby/1.8/webrick/httpserver.rb:104:in `service'
  /usr/local/rvm/rubies/ruby-1.8.7-head/lib/ruby/1.8/webrick/httpserver.rb:65:in `run'
  /usr/local/rvm/rubies/ruby-1.8.7-head/lib/ruby/1.8/webrick/server.rb:173:in `start_thread'
  /usr/local/rvm/rubies/ruby-1.8.7-head/lib/ruby/1.8/webrick/server.rb:162:in `start'
  /usr/local/rvm/rubies/ruby-1.8.7-head/lib/ruby/1.8/webrick/server.rb:162:in `start_thread'
  /usr/local/rvm/rubies/ruby-1.8.7-head/lib/ruby/1.8/webrick/server.rb:95:in `start'
  /usr/local/rvm/rubies/ruby-1.8.7-head/lib/ruby/1.8/webrick/server.rb:92:in `each'
  /usr/local/rvm/rubies/ruby-1.8.7-head/lib/ruby/1.8/webrick/server.rb:92:in `start'
  /usr/local/rvm/rubies/ruby-1.8.7-head/lib/ruby/1.8/webrick/server.rb:23:in `start'
  /usr/local/rvm/rubies/ruby-1.8.7-head/lib/ruby/1.8/webrick/server.rb:82:in `start'

Rendered rescues/_trace (166.6ms)
Rendered rescues/_request_and_response (0.3ms)
Rendering rescues/layout (unprocessable_entity)
  [4;36;1mSQL (0.1ms)[0m   [0;1mSET NAMES 'utf8'[0m
  [4;35;1mSQL (0.1ms)[0m   [0mSET SQL_AUTO_IS_NULL=0[0m


Processing ShortUrlsController#index (for 127.0.0.1 at 2019-03-30 13:11:48) [GET]
  [4;36;1mShortenedUrl Columns (0.7ms)[0m   [0;1mSHOW FIELDS FROM `shortened_urls`[0m
Rendering short_urls/index
Completed in 22ms (View: 12, DB: 1) | 200 OK [http://localhost/short_urls]
  [4;35;1mSQL (0.1ms)[0m   [0mSET NAMES 'utf8'[0m
  [4;36;1mSQL (0.1ms)[0m   [0;1mSET SQL_AUTO_IS_NULL=0[0m


Processing ShortUrlsController#create (for 127.0.0.1 at 2019-03-30 13:11:54) [POST]
  Parameters: {"orig_url"=>"https://www.theodinproject.com/courses/ruby-on-rails/lessons/apis?ref=lnav"}

ActionController::InvalidAuthenticityToken (ActionController::InvalidAuthenticityToken):
  /usr/local/rvm/rubies/ruby-1.8.7-head/lib/ruby/1.8/webrick/httpserver.rb:104:in `service'
  /usr/local/rvm/rubies/ruby-1.8.7-head/lib/ruby/1.8/webrick/httpserver.rb:65:in `run'
  /usr/local/rvm/rubies/ruby-1.8.7-head/lib/ruby/1.8/webrick/server.rb:173:in `start_thread'
  /usr/local/rvm/rubies/ruby-1.8.7-head/lib/ruby/1.8/webrick/server.rb:162:in `start'
  /usr/local/rvm/rubies/ruby-1.8.7-head/lib/ruby/1.8/webrick/server.rb:162:in `start_thread'
  /usr/local/rvm/rubies/ruby-1.8.7-head/lib/ruby/1.8/webrick/server.rb:95:in `start'
  /usr/local/rvm/rubies/ruby-1.8.7-head/lib/ruby/1.8/webrick/server.rb:92:in `each'
  /usr/local/rvm/rubies/ruby-1.8.7-head/lib/ruby/1.8/webrick/server.rb:92:in `start'
  /usr/local/rvm/rubies/ruby-1.8.7-head/lib/ruby/1.8/webrick/server.rb:23:in `start'
  /usr/local/rvm/rubies/ruby-1.8.7-head/lib/ruby/1.8/webrick/server.rb:82:in `start'

Rendered rescues/_trace (118.8ms)
Rendered rescues/_request_and_response (2.1ms)
Rendering rescues/layout (unprocessable_entity)
  [4;36;1mSQL (0.1ms)[0m   [0;1mSET NAMES 'utf8'[0m
  [4;35;1mSQL (0.1ms)[0m   [0mSET SQL_AUTO_IS_NULL=0[0m


Processing ShortUrlsController#index (for 127.0.0.1 at 2019-03-30 13:13:11) [GET]
  [4;36;1mShortenedUrl Columns (0.7ms)[0m   [0;1mSHOW FIELDS FROM `shortened_urls`[0m
Rendering short_urls/index
Completed in 16ms (View: 7, DB: 1) | 200 OK [http://localhost/short_urls]
  [4;35;1mSQL (0.1ms)[0m   [0mSET NAMES 'utf8'[0m
  [4;36;1mSQL (0.1ms)[0m   [0;1mSET SQL_AUTO_IS_NULL=0[0m


Processing ShortUrlsController#create (for 127.0.0.1 at 2019-03-30 13:13:14) [POST]
  Parameters: {"orig_url"=>"https://www.theodinproject.com/courses/ruby-on-rails/lessons/apis?ref=lnav"}

ActionController::InvalidAuthenticityToken (ActionController::InvalidAuthenticityToken):
  /usr/local/rvm/rubies/ruby-1.8.7-head/lib/ruby/1.8/webrick/httpserver.rb:104:in `service'
  /usr/local/rvm/rubies/ruby-1.8.7-head/lib/ruby/1.8/webrick/httpserver.rb:65:in `run'
  /usr/local/rvm/rubies/ruby-1.8.7-head/lib/ruby/1.8/webrick/server.rb:173:in `start_thread'
  /usr/local/rvm/rubies/ruby-1.8.7-head/lib/ruby/1.8/webrick/server.rb:162:in `start'
  /usr/local/rvm/rubies/ruby-1.8.7-head/lib/ruby/1.8/webrick/server.rb:162:in `start_thread'
  /usr/local/rvm/rubies/ruby-1.8.7-head/lib/ruby/1.8/webrick/server.rb:95:in `start'
  /usr/local/rvm/rubies/ruby-1.8.7-head/lib/ruby/1.8/webrick/server.rb:92:in `each'
  /usr/local/rvm/rubies/ruby-1.8.7-head/lib/ruby/1.8/webrick/server.rb:92:in `start'
  /usr/local/rvm/rubies/ruby-1.8.7-head/lib/ruby/1.8/webrick/server.rb:23:in `start'
  /usr/local/rvm/rubies/ruby-1.8.7-head/lib/ruby/1.8/webrick/server.rb:82:in `start'

Rendered rescues/_trace (78.4ms)
Rendered rescues/_request_and_response (1.8ms)
Rendering rescues/layout (unprocessable_entity)
  [4;36;1mSQL (0.1ms)[0m   [0;1mSET NAMES 'utf8'[0m
  [4;35;1mSQL (0.1ms)[0m   [0mSET SQL_AUTO_IS_NULL=0[0m


Processing ShortUrlsController#index (for 127.0.0.1 at 2019-03-30 13:21:02) [GET]
  [4;36;1mShortenedUrl Columns (9.3ms)[0m   [0;1mSHOW FIELDS FROM `shortened_urls`[0m
Rendering short_urls/index
Completed in 32ms (View: 8, DB: 10) | 200 OK [http://localhost/short_urls]
  [4;35;1mSQL (0.1ms)[0m   [0mSET NAMES 'utf8'[0m
  [4;36;1mSQL (0.1ms)[0m   [0;1mSET SQL_AUTO_IS_NULL=0[0m


Processing ShortUrlsController#create (for 127.0.0.1 at 2019-03-30 13:21:03) [POST]
  Parameters: {"orig_url"=>""}

ActionController::InvalidAuthenticityToken (ActionController::InvalidAuthenticityToken):
  /usr/local/rvm/rubies/ruby-1.8.7-head/lib/ruby/1.8/webrick/httpserver.rb:104:in `service'
  /usr/local/rvm/rubies/ruby-1.8.7-head/lib/ruby/1.8/webrick/httpserver.rb:65:in `run'
  /usr/local/rvm/rubies/ruby-1.8.7-head/lib/ruby/1.8/webrick/server.rb:173:in `start_thread'
  /usr/local/rvm/rubies/ruby-1.8.7-head/lib/ruby/1.8/webrick/server.rb:162:in `start'
  /usr/local/rvm/rubies/ruby-1.8.7-head/lib/ruby/1.8/webrick/server.rb:162:in `start_thread'
  /usr/local/rvm/rubies/ruby-1.8.7-head/lib/ruby/1.8/webrick/server.rb:95:in `start'
  /usr/local/rvm/rubies/ruby-1.8.7-head/lib/ruby/1.8/webrick/server.rb:92:in `each'
  /usr/local/rvm/rubies/ruby-1.8.7-head/lib/ruby/1.8/webrick/server.rb:92:in `start'
  /usr/local/rvm/rubies/ruby-1.8.7-head/lib/ruby/1.8/webrick/server.rb:23:in `start'
  /usr/local/rvm/rubies/ruby-1.8.7-head/lib/ruby/1.8/webrick/server.rb:82:in `start'

Rendered rescues/_trace (74.9ms)
Rendered rescues/_request_and_response (1.3ms)
Rendering rescues/layout (unprocessable_entity)
  [4;35;1mSQL (0.1ms)[0m   [0mSET NAMES 'utf8'[0m
  [4;36;1mSQL (0.1ms)[0m   [0;1mSET SQL_AUTO_IS_NULL=0[0m


Processing ShortUrlsController#create (for 127.0.0.1 at 2019-03-30 13:21:09) [POST]
  Parameters: {"orig_url"=>"https://www.theodinproject.com/courses/ruby-on-rails/lessons/apis?ref=lnav"}

ActionController::InvalidAuthenticityToken (ActionController::InvalidAuthenticityToken):
  /usr/local/rvm/rubies/ruby-1.8.7-head/lib/ruby/1.8/webrick/httpserver.rb:104:in `service'
  /usr/local/rvm/rubies/ruby-1.8.7-head/lib/ruby/1.8/webrick/httpserver.rb:65:in `run'
  /usr/local/rvm/rubies/ruby-1.8.7-head/lib/ruby/1.8/webrick/server.rb:173:in `start_thread'
  /usr/local/rvm/rubies/ruby-1.8.7-head/lib/ruby/1.8/webrick/server.rb:162:in `start'
  /usr/local/rvm/rubies/ruby-1.8.7-head/lib/ruby/1.8/webrick/server.rb:162:in `start_thread'
  /usr/local/rvm/rubies/ruby-1.8.7-head/lib/ruby/1.8/webrick/server.rb:95:in `start'
  /usr/local/rvm/rubies/ruby-1.8.7-head/lib/ruby/1.8/webrick/server.rb:92:in `each'
  /usr/local/rvm/rubies/ruby-1.8.7-head/lib/ruby/1.8/webrick/server.rb:92:in `start'
  /usr/local/rvm/rubies/ruby-1.8.7-head/lib/ruby/1.8/webrick/server.rb:23:in `start'
  /usr/local/rvm/rubies/ruby-1.8.7-head/lib/ruby/1.8/webrick/server.rb:82:in `start'

Rendered rescues/_trace (133.9ms)
Rendered rescues/_request_and_response (0.4ms)
Rendering rescues/layout (unprocessable_entity)
  [4;35;1mSQL (0.1ms)[0m   [0mSET NAMES 'utf8'[0m
  [4;36;1mSQL (0.1ms)[0m   [0;1mSET SQL_AUTO_IS_NULL=0[0m


Processing ShortUrlsController#create (for 127.0.0.1 at 2019-03-30 13:21:32) [POST]
  Parameters: {"orig_url"=>"https://www.theodinproject.com/courses/ruby-on-rails/lessons/apis?ref=lnav"}

ActionController::InvalidAuthenticityToken (ActionController::InvalidAuthenticityToken):
  /usr/local/rvm/rubies/ruby-1.8.7-head/lib/ruby/1.8/webrick/httpserver.rb:104:in `service'
  /usr/local/rvm/rubies/ruby-1.8.7-head/lib/ruby/1.8/webrick/httpserver.rb:65:in `run'
  /usr/local/rvm/rubies/ruby-1.8.7-head/lib/ruby/1.8/webrick/server.rb:173:in `start_thread'
  /usr/local/rvm/rubies/ruby-1.8.7-head/lib/ruby/1.8/webrick/server.rb:162:in `start'
  /usr/local/rvm/rubies/ruby-1.8.7-head/lib/ruby/1.8/webrick/server.rb:162:in `start_thread'
  /usr/local/rvm/rubies/ruby-1.8.7-head/lib/ruby/1.8/webrick/server.rb:95:in `start'
  /usr/local/rvm/rubies/ruby-1.8.7-head/lib/ruby/1.8/webrick/server.rb:92:in `each'
  /usr/local/rvm/rubies/ruby-1.8.7-head/lib/ruby/1.8/webrick/server.rb:92:in `start'
  /usr/local/rvm/rubies/ruby-1.8.7-head/lib/ruby/1.8/webrick/server.rb:23:in `start'
  /usr/local/rvm/rubies/ruby-1.8.7-head/lib/ruby/1.8/webrick/server.rb:82:in `start'

Rendered rescues/_trace (68.7ms)
Rendered rescues/_request_and_response (0.3ms)
Rendering rescues/layout (unprocessable_entity)
  [4;36;1mSQL (0.1ms)[0m   [0;1mSET NAMES 'utf8'[0m
  [4;35;1mSQL (0.1ms)[0m   [0mSET SQL_AUTO_IS_NULL=0[0m


Processing ShortUrlsController#index (for 127.0.0.1 at 2019-03-30 13:24:42) [GET]
  [4;36;1mShortenedUrl Columns (5.0ms)[0m   [0;1mSHOW FIELDS FROM `shortened_urls`[0m
Rendering short_urls/index
Completed in 33ms (View: 16, DB: 5) | 200 OK [http://localhost/short_urls]
  [4;35;1mSQL (0.1ms)[0m   [0mSET NAMES 'utf8'[0m
  [4;36;1mSQL (0.1ms)[0m   [0;1mSET SQL_AUTO_IS_NULL=0[0m


Processing ShortUrlsController#create (for 127.0.0.1 at 2019-03-30 13:24:46) [POST]
  Parameters: {"orig_url"=>"https://www.theodinproject.com/courses/ruby-on-rails/lessons/apis?ref=lnav"}

ActionController::InvalidAuthenticityToken (ActionController::InvalidAuthenticityToken):
  /usr/local/rvm/rubies/ruby-1.8.7-head/lib/ruby/1.8/webrick/httpserver.rb:104:in `service'
  /usr/local/rvm/rubies/ruby-1.8.7-head/lib/ruby/1.8/webrick/httpserver.rb:65:in `run'
  /usr/local/rvm/rubies/ruby-1.8.7-head/lib/ruby/1.8/webrick/server.rb:173:in `start_thread'
  /usr/local/rvm/rubies/ruby-1.8.7-head/lib/ruby/1.8/webrick/server.rb:162:in `start'
  /usr/local/rvm/rubies/ruby-1.8.7-head/lib/ruby/1.8/webrick/server.rb:162:in `start_thread'
  /usr/local/rvm/rubies/ruby-1.8.7-head/lib/ruby/1.8/webrick/server.rb:95:in `start'
  /usr/local/rvm/rubies/ruby-1.8.7-head/lib/ruby/1.8/webrick/server.rb:92:in `each'
  /usr/local/rvm/rubies/ruby-1.8.7-head/lib/ruby/1.8/webrick/server.rb:92:in `start'
  /usr/local/rvm/rubies/ruby-1.8.7-head/lib/ruby/1.8/webrick/server.rb:23:in `start'
  /usr/local/rvm/rubies/ruby-1.8.7-head/lib/ruby/1.8/webrick/server.rb:82:in `start'

Rendered rescues/_trace (107.7ms)
Rendered rescues/_request_and_response (1.4ms)
Rendering rescues/layout (unprocessable_entity)
